<?xml version="1.0" encoding="UTF-8" standalone="no"?>
<!DOCTYPE log SYSTEM "logger.dtd">
<log>
<record>
  <date>2017-03-13T14:16:35.809-0300</date>
  <logger>GABRIEL DE ARAUJO COUTINHO</logger>
  <level>FINE</level>
  <message>File 114210789-GABRIEL DE ARAUJO COUTINHO.zip was received. It was sent by GABRIEL DE ARAUJO COUTINHO from IP 150.165.74.127</message>
</record>
</log>
<?xml version="1.0" encoding="UTF-8" standalone="no"?>
<!DOCTYPE log SYSTEM "logger.dtd">
<log>
<record>
  <date>2017-03-13T22:20:51.988-0300</date>
  <logger>GABRIEL DE ARAUJO COUTINHO</logger>
  <level>FINE</level>
  <message>File 114210789-GABRIEL DE ARAUJO COUTINHO.zip was received. It was sent by GABRIEL DE ARAUJO COUTINHO from IP 192.168.25.7</message>
</record>
</log>
<?xml version="1.0" encoding="UTF-8" standalone="no"?>
<!DOCTYPE log SYSTEM "logger.dtd">
<log>
<record>
  <date>2017-03-13T22:25:25.697-0300</date>
  <logger>GABRIEL DE ARAUJO COUTINHO</logger>
  <level>FINE</level>
  <message>File 114210789-GABRIEL DE ARAUJO COUTINHO.zip was received. It was sent by GABRIEL DE ARAUJO COUTINHO from IP 192.168.25.7</message>
</record>
