<?xml version="1.0" encoding="UTF-8" standalone="no"?>
<!DOCTYPE log SYSTEM "logger.dtd">
<log>
<record>
  <date>2017-03-08T16:18:53.651-0300</date>
  <logger>GABRIEL DE ARAUJO COUTINHO</logger>
  <level>FINE</level>
  <message>File 114210789-GABRIEL DE ARAUJO COUTINHO.zip was received. It was sent by GABRIEL DE ARAUJO COUTINHO from IP 150.165.74.126</message>
</record>
</log>
<?xml version="1.0" encoding="UTF-8" standalone="no"?>
<!DOCTYPE log SYSTEM "logger.dtd">
<log>
<record>
  <date>2017-03-10T12:39:05.257-0300</date>
  <logger>GABRIEL DE ARAUJO COUTINHO</logger>
  <level>FINE</level>
  <message>File 114210789-GABRIEL DE ARAUJO COUTINHO.zip was received. It was sent by GABRIEL DE ARAUJO COUTINHO from IP 150.165.74.130</message>
</record>
</log>
<?xml version="1.0" encoding="UTF-8" standalone="no"?>
<!DOCTYPE log SYSTEM "logger.dtd">
<log>
<record>
  <date>2017-03-10T12:43:33.716-0300</date>
  <logger>GABRIEL DE ARAUJO COUTINHO</logger>
  <level>FINE</level>
  <message>File 114210789-GABRIEL DE ARAUJO COUTINHO.zip was received. It was sent by GABRIEL DE ARAUJO COUTINHO from IP 150.165.74.130</message>
</record>
